2023-12-19 09:46:49,681 [INFO] Activator:176 - 


2023-12-19 09:46:49,684 [INFO] Activator:177 - !SESSION log4j initialized
2023-12-19 09:46:53,620 [INFO] LogOutputStream:77 - [STDOUT_REDIRECT] 
2023-12-19 09:46:56,670 [INFO] ApplicationProperties:184 - Using Application install path: C:\Program Files (x86)\STMicroelectronics\STM32CubeIDE_1.14.0\STM32CubeIDE\plugins\com.st.stm32cube.common.mx_6.10.0.202311202037
2023-12-19 09:46:56,693 [INFO] DbMcusXml:78 - Set database path to: C:\Program Files (x86)\STMicroelectronics\STM32CubeIDE_1.14.0\STM32CubeIDE\plugins\com.st.stm32cube.common.mx_6.10.0.202311202037\\db\/mcu/
2023-12-19 09:46:56,694 [INFO] ApiDb:274 - Set plugin database path to: C:\Program Files (x86)\STMicroelectronics\STM32CubeIDE_1.14.0\STM32CubeIDE\plugins\com.st.stm32cube.common.mx_6.10.0.202311202037\\db\/plugins/boardmanager/
2023-12-19 09:46:56,694 [WARN] ApiDb:259 - Overriding images path with different value:  => C:\Program Files (x86)\STMicroelectronics\STM32CubeIDE_1.14.0\STM32CubeIDE\plugins\com.st.stm32cube.common.mx_6.10.0.202311202037\\db\/plugins/mcufinder/images/
2023-12-19 09:46:56,704 [INFO] ApiDb:250 - Set database path to: C:\Users\test\.stmcufinder\plugins\mcufinder//mcu/
2023-12-19 09:46:56,706 [INFO] DbMcusAds:125 - Set database path to: C:\Users\test\.stmcufinder\plugins\mcufinder//mcu/
2023-12-19 09:46:56,708 [INFO] CrossReferenceDbSqlite:203 - Set database path to: C:\Users\test\.stmcufinder\plugins\mcufinder//mcu/cs/
2023-12-19 09:46:56,856 [INFO] RulesReader:64 - Compatibility file has been processed (297 Rules)
2023-12-19 09:46:56,967 [INFO] DbMcusXml:78 - Set database path to: C:\Program Files (x86)\STMicroelectronics\STM32CubeIDE_1.14.0\STM32CubeIDE\plugins\com.st.stm32cube.common.mx_6.10.0.202311202037\\db\/mcu/
2023-12-19 09:46:56,967 [INFO] ApiDb:274 - Set plugin database path to: C:\Program Files (x86)\STMicroelectronics\STM32CubeIDE_1.14.0\STM32CubeIDE\plugins\com.st.stm32cube.common.mx_6.10.0.202311202037\\db\/plugins/boardmanager/
2023-12-19 09:46:56,968 [INFO] ApiDb:261 - Set plugin images path to: C:\Program Files (x86)\STMicroelectronics\STM32CubeIDE_1.14.0\STM32CubeIDE\plugins\com.st.stm32cube.common.mx_6.10.0.202311202037\\db\/plugins/mcufinder/images/
2023-12-19 09:46:56,968 [WARN] DbFile:41 - Overriding database path with different value: C:\Users\test\.stmcufinder\plugins\mcufinder/ => C:\Users\test\.stmcufinder\plugins\mcufinder
2023-12-19 09:46:56,968 [INFO] ApiDb:250 - Set database path to: C:\Users\test\.stmcufinder\plugins\mcufinder//mcu/
2023-12-19 09:46:56,968 [WARN] DbFile:41 - Overriding database path with different value: C:\Users\test\.stmcufinder\plugins\mcufinder/ => C:\Users\test\.stmcufinder\plugins\mcufinder
2023-12-19 09:46:56,968 [INFO] DbMcusAds:125 - Set database path to: C:\Users\test\.stmcufinder\plugins\mcufinder//mcu/
2023-12-19 09:46:56,968 [WARN] DbFile:41 - Overriding database path with different value: C:\Users\test\.stmcufinder\plugins\mcufinder/ => C:\Users\test\.stmcufinder\plugins\mcufinder
2023-12-19 09:46:56,968 [WARN] DbFile:41 - Overriding database path with different value: C:\Users\test\.stmcufinder\plugins\mcufinder/ => C:\Users\test\.stmcufinder\plugins\mcufinder
2023-12-19 09:46:56,969 [INFO] CrossReferenceDbSqlite:203 - Set database path to: C:\Users\test\.stmcufinder\plugins\mcufinder//mcu/cs/
2023-12-19 09:46:57,068 [INFO] MainPanel:264 - HeapMemory: 268435456
2023-12-19 09:46:57,212 [INFO] DbMcusXml:78 - Set database path to: C:\Program Files (x86)\STMicroelectronics\STM32CubeIDE_1.14.0\STM32CubeIDE\plugins\com.st.stm32cube.common.mx_6.10.0.202311202037\\db\/mcu/
2023-12-19 09:46:57,212 [INFO] ApiDb:274 - Set plugin database path to: C:\Program Files (x86)\STMicroelectronics\STM32CubeIDE_1.14.0\STM32CubeIDE\plugins\com.st.stm32cube.common.mx_6.10.0.202311202037\\db\/plugins/boardmanager/
2023-12-19 09:46:57,212 [INFO] ApiDb:261 - Set plugin images path to: C:\Program Files (x86)\STMicroelectronics\STM32CubeIDE_1.14.0\STM32CubeIDE\plugins\com.st.stm32cube.common.mx_6.10.0.202311202037\\db\/plugins/mcufinder/images/
2023-12-19 09:46:57,213 [WARN] DbFile:41 - Overriding database path with different value: C:\Users\test\.stmcufinder\plugins\mcufinder/ => C:\Users\test\.stmcufinder\plugins\mcufinder
2023-12-19 09:46:57,213 [INFO] ApiDb:250 - Set database path to: C:\Users\test\.stmcufinder\plugins\mcufinder//mcu/
2023-12-19 09:46:57,213 [WARN] DbFile:41 - Overriding database path with different value: C:\Users\test\.stmcufinder\plugins\mcufinder/ => C:\Users\test\.stmcufinder\plugins\mcufinder
2023-12-19 09:46:57,213 [INFO] DbMcusAds:125 - Set database path to: C:\Users\test\.stmcufinder\plugins\mcufinder//mcu/
2023-12-19 09:46:57,213 [WARN] DbFile:41 - Overriding database path with different value: C:\Users\test\.stmcufinder\plugins\mcufinder/ => C:\Users\test\.stmcufinder\plugins\mcufinder
2023-12-19 09:46:57,213 [WARN] DbFile:41 - Overriding database path with different value: C:\Users\test\.stmcufinder\plugins\mcufinder/ => C:\Users\test\.stmcufinder\plugins\mcufinder
2023-12-19 09:46:57,213 [INFO] CrossReferenceDbSqlite:203 - Set database path to: C:\Users\test\.stmcufinder\plugins\mcufinder//mcu/cs/
2023-12-19 09:46:57,237 [INFO] ApplicationProperties:184 - Using Application install path: C:\Program Files (x86)\STMicroelectronics\STM32CubeIDE_1.14.0\STM32CubeIDE\plugins\com.st.stm32cube.common.mx_6.10.0.202311202037
2023-12-19 09:46:57,239 [INFO] PluginManage:196 - Search for loadable plugins [exclusion list=, ]
2023-12-19 09:46:57,241 [INFO] PluginManage:310 - Check plugin analytics
2023-12-19 09:46:57,787 [INFO] AnalyticsPlugin:253 - Accepted Software Licenses: 
2023-12-19 09:46:57,787 [INFO] AnalyticsPlugin:255 - Accepted CMSIS Pack Licenses: 
2023-12-19 09:46:57,787 [INFO] AnalyticsPlugin:257 - Accepted Firmware Licenses: FW.F4.1.28.0
2023-12-19 09:46:57,790 [INFO] PluginManage:359 - Loaded plugin analytics (category:tool,tabindex:-1)
2023-12-19 09:46:57,791 [INFO] PluginManage:310 - Check plugin cadmodel
2023-12-19 09:46:57,819 [INFO] CADModel:105 - Init CAD model plugin
2023-12-19 09:46:57,820 [INFO] PluginManage:359 - Loaded plugin cadmodel (category:power,tabindex:5)
2023-12-19 09:46:57,820 [INFO] PluginManage:310 - Check plugin clock
2023-12-19 09:46:57,851 [INFO] PluginManage:359 - Loaded plugin clock (category:base,tabindex:2)
2023-12-19 09:46:57,851 [INFO] PluginManage:310 - Check plugin ddr
2023-12-19 09:46:57,854 [INFO] PluginManage:359 - Loaded plugin ddr (category:tool,tabindex:6)
2023-12-19 09:46:57,854 [INFO] PluginManage:310 - Check plugin filemanager
2023-12-19 09:46:58,061 [INFO] PluginManage:359 - Loaded plugin filemanager (category:base,tabindex:10)
2023-12-19 09:46:58,062 [INFO] PluginManage:310 - Check plugin ipmanager
2023-12-19 09:46:58,071 [INFO] PluginManage:359 - Loaded plugin ipmanager (category:base,tabindex:5)
2023-12-19 09:46:58,071 [INFO] PluginManage:310 - Check plugin lpbam
2023-12-19 09:46:58,094 [INFO] PluginManage:359 - Loaded plugin lpbam (category:base,tabindex:0)
2023-12-19 09:46:58,094 [INFO] PluginManage:310 - Check plugin memorymap
2023-12-19 09:46:58,125 [INFO] PluginManage:359 - Loaded plugin memorymap (category:base,tabindex:4)
2023-12-19 09:46:58,125 [INFO] PluginManage:310 - Check plugin pinoutandconfiguration
2023-12-19 09:46:58,151 [INFO] PluginManage:359 - Loaded plugin pinoutandconfiguration (category:base,tabindex:1)
2023-12-19 09:46:58,151 [INFO] PluginManage:310 - Check plugin pinoutconfig
2023-12-19 09:46:58,286 [WARN] SupportedApi:132 - Cannot load RTOS API schema: s4s-elt-must-match.1: The content of 'definitions' must match (annotation?, (simpleType | complexType)?, (unique | key | keyref)*)). A problem was found starting at: attribute.
2023-12-19 09:46:58,486 [INFO] PluginManage:359 - Loaded plugin pinoutconfig (category:base,tabindex:0)
2023-12-19 09:46:58,486 [INFO] PluginManage:310 - Check plugin power
2023-12-19 09:46:58,511 [INFO] PluginManage:359 - Loaded plugin power (category:power,tabindex:4)
2023-12-19 09:46:58,511 [INFO] PluginManage:310 - Check plugin projectmanager
2023-12-19 09:46:58,531 [INFO] PluginManage:359 - Loaded plugin projectmanager (category:projectmanager,tabindex:3)
2023-12-19 09:46:58,531 [INFO] PluginManage:310 - Check plugin thirdparty
2023-12-19 09:46:58,873 [INFO] PluginManage:359 - Loaded plugin thirdparty (category:base,tabindex:-1)
2023-12-19 09:46:58,873 [INFO] PluginManage:310 - Check plugin tools
2023-12-19 09:46:58,873 [WARN] IntegrityCheckThread:84 - waiting for thirdparty lock release [integrity check]
2023-12-19 09:46:58,874 [INFO] IntegrityCheckThread:86 - entering critical section [integrity check]
2023-12-19 09:46:58,875 [INFO] ThirdPartyUpdaterWithRetryManager:70 - Updater plugin not ready yet. [1/15]
2023-12-19 09:46:58,915 [INFO] PluginManage:359 - Loaded plugin tools (category:base,tabindex:7)
2023-12-19 09:46:58,915 [INFO] PluginManage:310 - Check plugin tutovideos
2023-12-19 09:46:59,163 [INFO] PluginManage:359 - Loaded plugin tutovideos (category:base,tabindex:-1)
2023-12-19 09:46:59,163 [INFO] PluginManage:310 - Check plugin updater
2023-12-19 09:46:59,178 [INFO] PluginManage:359 - Loaded plugin updater (category:base,tabindex:12)
2023-12-19 09:46:59,178 [INFO] PluginManage:310 - Check plugin userauth
2023-12-19 09:46:59,185 [INFO] UserAuth:114 - Init User Auth plugin
2023-12-19 09:46:59,185 [INFO] PluginManage:359 - Loaded plugin userauth (category:base,tabindex:14)
2023-12-19 09:46:59,185 [INFO] PluginManage:283 - PluginManage : Loaded plugins [17]
2023-12-19 09:46:59,466 [INFO] PinOutPanel:1499 - setPackage(No Configuration,No Configuration)
2023-12-19 09:46:59,564 [INFO] CADModel:165 - CPN selected for project level
2023-12-19 09:46:59,564 [INFO] CADModel:114 - Register for checkConnection events
2023-12-19 09:46:59,596 [INFO] IPUIPlugin:80 - create IPUIPlugin
2023-12-19 09:46:59,596 [INFO] PluginManager:220 - loadIPPluginJar : add adc
2023-12-19 09:46:59,639 [INFO] IPUIPlugin:80 - create IPUIPlugin
2023-12-19 09:46:59,640 [INFO] PluginManager:220 - loadIPPluginJar : add aes
2023-12-19 09:46:59,691 [INFO] IPUIPlugin:80 - create IPUIPlugin
2023-12-19 09:46:59,691 [INFO] PluginManager:220 - loadIPPluginJar : add can
2023-12-19 09:46:59,719 [INFO] IPUIPlugin:80 - create IPUIPlugin
2023-12-19 09:46:59,719 [INFO] PluginManager:220 - loadIPPluginJar : add comp
2023-12-19 09:46:59,760 [INFO] IPUIPlugin:80 - create IPUIPlugin
2023-12-19 09:46:59,760 [INFO] PluginManager:220 - loadIPPluginJar : add cryp
2023-12-19 09:46:59,798 [INFO] IPUIPlugin:80 - create IPUIPlugin
2023-12-19 09:46:59,798 [INFO] PluginManager:220 - loadIPPluginJar : add dfsdm
2023-12-19 09:46:59,816 [INFO] IPUIPlugin:80 - create IPUIPlugin
2023-12-19 09:46:59,817 [INFO] PluginManager:220 - loadIPPluginJar : add dma
2023-12-19 09:46:59,870 [INFO] IPUIPlugin:80 - create IPUIPlugin
2023-12-19 09:46:59,870 [INFO] PluginManager:220 - loadIPPluginJar : add dma3
2023-12-19 09:46:59,895 [INFO] IPUIPlugin:80 - create IPUIPlugin
2023-12-19 09:46:59,895 [INFO] PluginManager:220 - loadIPPluginJar : add fatfs
2023-12-19 09:46:59,953 [INFO] IPUIPlugin:80 - create IPUIPlugin
2023-12-19 09:46:59,953 [INFO] PluginManager:220 - loadIPPluginJar : add fmc
2023-12-19 09:46:59,972 [INFO] IPUIPlugin:80 - create IPUIPlugin
2023-12-19 09:46:59,972 [INFO] PluginManager:220 - loadIPPluginJar : add freertos
2023-12-19 09:46:59,997 [INFO] IPUIPlugin:80 - create IPUIPlugin
2023-12-19 09:46:59,997 [INFO] PluginManager:220 - loadIPPluginJar : add genericplugin
2023-12-19 09:47:00,114 [INFO] IPUIPlugin:80 - create IPUIPlugin
2023-12-19 09:47:00,114 [INFO] PluginManager:220 - loadIPPluginJar : add gfxmmu
2023-12-19 09:47:00,279 [INFO] IPUIPlugin:80 - create IPUIPlugin
2023-12-19 09:47:00,279 [INFO] PluginManager:220 - loadIPPluginJar : add gic
2023-12-19 09:47:00,295 [INFO] IPUIPlugin:80 - create IPUIPlugin
2023-12-19 09:47:00,295 [INFO] PluginManager:220 - loadIPPluginJar : add gpio
2023-12-19 09:47:00,408 [INFO] IPUIPlugin:80 - create IPUIPlugin
2023-12-19 09:47:00,408 [INFO] PluginManager:220 - loadIPPluginJar : add gtzc
2023-12-19 09:47:00,448 [INFO] IPUIPlugin:80 - create IPUIPlugin
2023-12-19 09:47:00,448 [INFO] PluginManager:220 - loadIPPluginJar : add hash
2023-12-19 09:47:00,516 [INFO] IPUIPlugin:80 - create IPUIPlugin
2023-12-19 09:47:00,516 [INFO] PluginManager:220 - loadIPPluginJar : add i2c
2023-12-19 09:47:00,563 [INFO] IPUIPlugin:80 - create IPUIPlugin
2023-12-19 09:47:00,564 [INFO] PluginManager:220 - loadIPPluginJar : add i2s
2023-12-19 09:47:00,613 [INFO] IPUIPlugin:80 - create IPUIPlugin
2023-12-19 09:47:00,613 [INFO] PluginManager:220 - loadIPPluginJar : add i3c
2023-12-19 09:47:00,736 [INFO] IPUIPlugin:80 - create IPUIPlugin
2023-12-19 09:47:00,737 [INFO] PluginManager:220 - loadIPPluginJar : add ipddr
2023-12-19 09:47:00,847 [INFO] IPUIPlugin:80 - create IPUIPlugin
2023-12-19 09:47:00,848 [INFO] PluginManager:220 - loadIPPluginJar : add linkedlist
2023-12-19 09:47:00,890 [INFO] IPUIPlugin:80 - create IPUIPlugin
2023-12-19 09:47:00,890 [INFO] PluginManager:220 - loadIPPluginJar : add lorawan
2023-12-19 09:47:00,937 [INFO] IPUIPlugin:80 - create IPUIPlugin
2023-12-19 09:47:00,937 [INFO] PluginManager:220 - loadIPPluginJar : add ltdc
2023-12-19 09:47:00,954 [INFO] IPUIPlugin:80 - create IPUIPlugin
2023-12-19 09:47:00,955 [INFO] PluginManager:220 - loadIPPluginJar : add mdma
2023-12-19 09:47:00,969 [INFO] IPUIPlugin:80 - create IPUIPlugin
2023-12-19 09:47:00,969 [INFO] PluginManager:220 - loadIPPluginJar : add nvic
2023-12-19 09:47:01,009 [INFO] IPUIPlugin:80 - create IPUIPlugin
2023-12-19 09:47:01,010 [INFO] PluginManager:220 - loadIPPluginJar : add opamp
2023-12-19 09:47:01,079 [INFO] IPUIPlugin:80 - create IPUIPlugin
2023-12-19 09:47:01,079 [INFO] PluginManager:220 - loadIPPluginJar : add openamp
2023-12-19 09:47:01,127 [INFO] IPUIPlugin:80 - create IPUIPlugin
2023-12-19 09:47:01,127 [INFO] PluginManager:220 - loadIPPluginJar : add pdm2pcm
2023-12-19 09:47:01,143 [INFO] IPUIPlugin:80 - create IPUIPlugin
2023-12-19 09:47:01,146 [INFO] PluginManager:220 - loadIPPluginJar : add plateformsettings
2023-12-19 09:47:01,171 [INFO] IPUIPlugin:80 - create IPUIPlugin
2023-12-19 09:47:01,171 [INFO] PluginManager:220 - loadIPPluginJar : add quadspi
2023-12-19 09:47:01,185 [INFO] IPUIPlugin:80 - create IPUIPlugin
2023-12-19 09:47:01,185 [INFO] PluginManager:220 - loadIPPluginJar : add resmgrutility
2023-12-19 09:47:01,240 [INFO] IPUIPlugin:80 - create IPUIPlugin
2023-12-19 09:47:01,241 [INFO] PluginManager:220 - loadIPPluginJar : add sai
2023-12-19 09:47:01,284 [INFO] IPUIPlugin:80 - create IPUIPlugin
2023-12-19 09:47:01,285 [INFO] PluginManager:220 - loadIPPluginJar : add spi
2023-12-19 09:47:01,364 [INFO] IPUIPlugin:80 - create IPUIPlugin
2023-12-19 09:47:01,365 [INFO] PluginManager:220 - loadIPPluginJar : add stm32_wpan
2023-12-19 09:47:01,390 [INFO] IPUIPlugin:80 - create IPUIPlugin
2023-12-19 09:47:01,390 [INFO] PluginManager:220 - loadIPPluginJar : add tim
2023-12-19 09:47:01,455 [INFO] IPUIPlugin:80 - create IPUIPlugin
2023-12-19 09:47:01,455 [INFO] PluginManager:220 - loadIPPluginJar : add touchsensing
2023-12-19 09:47:01,481 [INFO] IPUIPlugin:80 - create IPUIPlugin
2023-12-19 09:47:01,481 [INFO] PluginManager:220 - loadIPPluginJar : add tracer_emb
2023-12-19 09:47:01,506 [INFO] IPUIPlugin:80 - create IPUIPlugin
2023-12-19 09:47:01,507 [INFO] PluginManager:220 - loadIPPluginJar : add ts
2023-12-19 09:47:01,531 [INFO] IPUIPlugin:80 - create IPUIPlugin
2023-12-19 09:47:01,531 [INFO] PluginManager:220 - loadIPPluginJar : add tsc
2023-12-19 09:47:01,556 [INFO] IPUIPlugin:80 - create IPUIPlugin
2023-12-19 09:47:01,556 [INFO] PluginManager:220 - loadIPPluginJar : add ucpd
2023-12-19 09:47:01,615 [INFO] IPUIPlugin:80 - create IPUIPlugin
2023-12-19 09:47:01,616 [INFO] PluginManager:220 - loadIPPluginJar : add usart
2023-12-19 09:47:01,671 [INFO] IPUIPlugin:80 - create IPUIPlugin
2023-12-19 09:47:01,672 [INFO] PluginManager:220 - loadIPPluginJar : add usbx
2023-12-19 09:47:01,814 [INFO] CADModel:165 - CPN selected for project level
2023-12-19 09:47:01,814 [INFO] CADModel:114 - Register for checkConnection events
2023-12-19 09:47:01,815 [FATAL] Updater:308 - Updater called before beeing initialized
2023-12-19 09:47:01,815 [ERROR] CADModel:125 - Updater not yet initialized, retry later 
2023-12-19 09:47:01,877 [INFO] ThirdPartyUpdaterWithRetryManager:70 - Updater plugin not ready yet. [2/15]
2023-12-19 09:47:01,962 [INFO] CADModel:165 - CPN selected for project level
2023-12-19 09:47:01,963 [INFO] CADModel:114 - Register for checkConnection events
2023-12-19 09:47:01,963 [FATAL] Updater:308 - Updater called before beeing initialized
2023-12-19 09:47:01,963 [ERROR] CADModel:125 - Updater not yet initialized, retry later 
2023-12-19 09:47:01,966 [FATAL] Updater:308 - Updater called before beeing initialized
2023-12-19 09:47:02,131 [FATAL] Updater:308 - Updater called before beeing initialized
2023-12-19 09:47:02,142 [INFO] DbMcusAds:53 - JSON generation date=Wed Nov 29 19:52:27 KST 2023 (1701255147349)
2023-12-19 09:47:02,142 [FATAL] Updater:308 - Updater called before beeing initialized
2023-12-19 09:47:02,320 [WARN] DetailPanel:346 - Failed to get advertising image, set to default
2023-12-19 09:47:02,464 [FATAL] Updater:308 - Updater called before beeing initialized
2023-12-19 09:47:02,467 [FATAL] Updater:308 - Updater called before beeing initialized
2023-12-19 09:47:02,467 [FATAL] Updater:308 - Updater called before beeing initialized
2023-12-19 09:47:02,467 [WARN] DetailPanel:346 - Failed to get advertising image, set to default
2023-12-19 09:47:02,468 [FATAL] Updater:308 - Updater called before beeing initialized
2023-12-19 09:47:02,571 [ERROR] Updater:1120 - MainUpdater not yet initialized. External WinMGr cannot be set.
2023-12-19 09:47:02,584 [INFO] Updater:1056 - Updater Version found : 6.10.0
2023-12-19 09:47:02,633 [INFO] ApplicationProperties:184 - Using Application install path: C:\Program Files (x86)\STMicroelectronics\STM32CubeIDE_1.14.0\STM32CubeIDE\plugins\com.st.stm32cube.common.mx_6.10.0.202311202037
2023-12-19 09:47:03,268 [INFO] MainUpdater:2873 - connection check result : 10
2023-12-19 09:47:03,269 [INFO] MainUpdater:290 - Updater Check For Update Now.
2023-12-19 09:47:03,269 [INFO] MicroXplorer:498 - Change Database Version : DB.6.0.100
2023-12-19 09:47:03,287 [INFO] McuFinderGlobals:63 - Set McuFinder mode to 2 (CubeIDE integrated)
2023-12-19 09:47:03,287 [INFO] UserAuth:180 - activating auth plugin
2023-12-19 09:47:03,291 [INFO] UserAuth:404 - Internet connection configuration mode: 1
2023-12-19 09:47:03,320 [INFO] JxBrowserEngine:152 - Initiate JxBrowser Engine with user profile folder
2023-12-19 09:47:03,507 [INFO] CheckServerUpdateThread:120 - End of CheckServer Thread
2023-12-19 09:47:05,160 [WARN] PackLoader:240 - Cannot read IP mode file for STMicroelectronics.X-CUBE-SMBUS.2.1.0
2023-12-19 09:47:05,179 [WARN] PackLoader:240 - Cannot read IP mode file for STMicroelectronics.X-CUBE-TOUCHGFX.4.23.0
2023-12-19 09:47:05,248 [WARN] PackLoader:240 - Cannot read IP mode file for STMicroelectronics.X-CUBE-AZRTOS-F7.1.1.0
2023-12-19 09:47:05,271 [WARN] PackLoader:240 - Cannot read IP mode file for STMicroelectronics.FP-SNS-MOTENV1.4.3.2
2023-12-19 09:47:05,287 [ERROR] RealEvaluatedCondition:428 - Found unsupported composite condition: GROUP='STM32_MetaDataManager' CLASS='Data Exchange'
2023-12-19 09:47:05,287 [ERROR] RealEvaluatedCondition:428 - Found unsupported composite condition: CLASS='Data Exchange' GROUP='STM32_MetaDataManager'
2023-12-19 09:47:05,289 [WARN] PackLoader:240 - Cannot read IP mode file for STMicroelectronics.FP-SNS-MOTENV1.4.3.1
2023-12-19 09:47:05,303 [WARN] PackLoader:240 - Cannot read IP mode file for STMicroelectronics.FP-SNS-FLIGHT1.5.0.1
2023-12-19 09:47:05,325 [WARN] PackLoader:240 - Cannot read IP mode file for STMicroelectronics.X-CUBE-BLE1.6.2.4
2023-12-19 09:47:05,340 [WARN] PackLoader:240 - Cannot read IP mode file for STMicroelectronics.FP-SNS-FLIGHT1.5.0.2
2023-12-19 09:47:05,360 [WARN] PackLoader:240 - Cannot read IP mode file for STMicroelectronics.X-CUBE-DISPLAY.3.0.0
2023-12-19 09:47:05,385 [WARN] PackLoader:240 - Cannot read IP mode file for STMicroelectronics.X-CUBE-BLE1.7.0.0
2023-12-19 09:47:05,399 [WARN] PackLoader:240 - Cannot read IP mode file for STMicroelectronics.X-CUBE-TOUCHGFX.4.22.0
2023-12-19 09:47:05,412 [WARN] PackLoader:240 - Cannot read IP mode file for STMicroelectronics.X-CUBE-TOUCHGFX.4.22.1
2023-12-19 09:47:05,429 [WARN] PackLoader:240 - Cannot read IP mode file for STMicroelectronics.FP-SNS-SMARTAG2.1.2.0
2023-12-19 09:47:05,461 [INFO] LogOutputStream:77 - [STDOUT_REDIRECT] 1 : Invalid condition id : UX_CORESTACK_Condition cause : null
2023-12-19 09:47:05,462 [INFO] LogOutputStream:77 - [STDOUT_REDIRECT] 1 : Invalid condition id : UX_CORESTACK_Condition cause : null
2023-12-19 09:47:05,465 [INFO] LogOutputStream:77 - [STDOUT_REDIRECT] 1 : Invalid condition id : UX_CORESTACK_Condition cause : null
2023-12-19 09:47:05,468 [INFO] LogOutputStream:77 - [STDOUT_REDIRECT] 1 : Invalid condition id : UX_CORESTACK_Condition cause : null
2023-12-19 09:47:05,470 [INFO] LogOutputStream:77 - [STDOUT_REDIRECT] 1 : Invalid condition id : UX_CORESTACK_Condition cause : null
2023-12-19 09:47:05,476 [WARN] PackLoader:240 - Cannot read IP mode file for STMicroelectronics.X-CUBE-AZRTOS-WL.2.0.0
2023-12-19 09:47:05,499 [WARN] PackLoader:240 - Cannot read IP mode file for WES.I-CUBE-Cesium.1.3.0
2023-12-19 09:47:05,514 [WARN] PackLoader:240 - Cannot read IP mode file for STMicroelectronics.X-CUBE-BLE2.3.3.0
2023-12-19 09:47:05,528 [WARN] PackLoader:240 - Cannot read IP mode file for STMicroelectronics.X-CUBE-TOUCHGFX.4.21.4
2023-12-19 09:47:05,552 [WARN] PackLoader:240 - Cannot read IP mode file for STMicroelectronics.X-CUBE-ALGOBUILD.1.3.0
2023-12-19 09:47:05,587 [WARN] PackLoader:240 - Cannot read IP mode file for STMicroelectronics.X-CUBE-AZRTOS-G0.1.1.0
2023-12-19 09:47:05,604 [WARN] PackLoader:240 - Cannot read IP mode file for STMicroelectronics.X-CUBE-NFC4.3.0.0
2023-12-19 09:47:05,624 [WARN] PackLoader:240 - Cannot read IP mode file for STMicroelectronics.X-CUBE-BLEMGR.3.0.0
2023-12-19 09:47:05,639 [WARN] PackLoader:240 - Cannot read IP mode file for STMicroelectronics.FP-ATR-SIGFOX1.3.2.0
2023-12-19 09:47:05,686 [WARN] PackLoader:240 - Cannot read IP mode file for SEGGER.I-CUBE-embOS.1.3.1
2023-12-19 09:47:05,747 [WARN] PackLoader:240 - Cannot read IP mode file for STMicroelectronics.X-CUBE-GNSS1.6.0.0
2023-12-19 09:47:06,164 [WARN] PackLoader:240 - Cannot read IP mode file for STMicroelectronics.X-CUBE-AZRTOS-F4.1.1.0
2023-12-19 09:47:06,232 [WARN] PackLoader:240 - Cannot read IP mode file for wolfSSL.I-CUBE-wolfSSL.5.6.0
2023-12-19 09:47:06,278 [WARN] PackLoader:240 - Cannot read IP mode file for STMicroelectronics.X-CUBE-AZRTOS-L5.2.0.0
2023-12-19 09:47:06,397 [WARN] PackLoader:240 - Cannot read IP mode file for STMicroelectronics.X-CUBE-MEMS1.9.6.0
2023-12-19 09:47:06,612 [WARN] PackLoader:240 - Cannot read IP mode file for STMicroelectronics.X-CUBE-EEPRMA1.4.2.0
2023-12-19 09:47:06,940 [WARN] PackLoader:240 - Cannot read IP mode file for ITTIA_DB.I-CUBE-ITTIADB.8.8.0
2023-12-19 09:47:06,989 [INFO] WebApp:161 - Instantiating new browser for Auth
2023-12-19 09:47:07,167 [WARN] PackLoader:240 - Cannot read IP mode file for emotas.I-CUBE-CANOPEN.1.1.3
2023-12-19 09:47:07,237 [WARN] PackLoader:240 - Cannot read IP mode file for STMicroelectronics.X-CUBE-BLEMGR.2.0.0
2023-12-19 09:47:07,288 [WARN] ConditionMgr:438 - getConditionDescription Invalid condition id : UX DEVICE CLASS RTOS Condition cause : null
2023-12-19 09:47:07,289 [WARN] ConditionMgr:438 - getConditionDescription Invalid condition id : UX DEVICE CLASS RTOS Condition cause : null
2023-12-19 09:47:07,294 [WARN] PackLoader:240 - Cannot read IP mode file for STMicroelectronics.X-CUBE-AZRTOS-H7.3.1.0
2023-12-19 09:47:07,295 [WARN] ConditionMgr:1039 - genDependencies : Invalid condition id : UX DEVICE CLASS RTOS Condition cause : null
2023-12-19 09:47:07,296 [WARN] ConditionMgr:1039 - genDependencies : Invalid condition id : UX DEVICE CLASS RTOS Condition cause : null
2023-12-19 09:47:07,296 [WARN] ConditionMgr:1039 - genDependencies : Invalid condition id : UX DEVICE CLASS RTOS Condition cause : null
2023-12-19 09:47:07,296 [WARN] ConditionMgr:1039 - genDependencies : Invalid condition id : UX DEVICE CLASS RTOS Condition cause : null
2023-12-19 09:47:07,297 [WARN] ConditionMgr:1039 - genDependencies : Invalid condition id : UX DEVICE CLASS RTOS Condition cause : null
2023-12-19 09:47:07,355 [WARN] PackLoader:240 - Cannot read IP mode file for STMicroelectronics.X-CUBE-NFC7.1.0.1
2023-12-19 09:47:07,395 [WARN] PackLoader:240 - Cannot read IP mode file for STMicroelectronics.X-CUBE-NFC7.1.0.0
2023-12-19 09:47:07,420 [WARN] PackLoader:240 - Cannot read IP mode file for STMicroelectronics.X-CUBE-NFC6.3.0.0
2023-12-19 09:47:07,438 [WARN] PackLoader:240 - Cannot read IP mode file for STMicroelectronics.X-CUBE-EEPRMA1.4.1.0
2023-12-19 09:47:07,452 [WARN] PackLoader:240 - Cannot read IP mode file for STMicroelectronics.X-CUBE-AI.8.1.0
2023-12-19 09:47:07,487 [WARN] ConditionMgr:438 - getConditionDescription Invalid condition id : LAN8742 Phy interface Condition cause : null
2023-12-19 09:47:07,488 [WARN] PackLoader:240 - Cannot read IP mode file for STMicroelectronics.X-CUBE-AZRTOS-L4.2.0.0
2023-12-19 09:47:07,489 [WARN] ConditionMgr:1039 - genDependencies : Invalid condition id : LAN8742 Phy interface Condition cause : null
2023-12-19 09:47:07,489 [WARN] ConditionMgr:1039 - genDependencies : Invalid condition id : LAN8742 Phy interface Condition cause : null
2023-12-19 09:47:07,489 [WARN] ConditionMgr:1039 - genDependencies : Invalid condition id : LAN8742 Phy interface Condition cause : null
2023-12-19 09:47:07,511 [WARN] PackLoader:240 - Cannot read IP mode file for STMicroelectronics.X-CUBE-SFXS2LP1.4.0.0
2023-12-19 09:47:07,526 [WARN] PackLoader:240 - Cannot read IP mode file for STMicroelectronics.X-CUBE-ISPU.1.1.0
2023-12-19 09:47:07,551 [WARN] ConditionMgr:438 - getConditionDescription Invalid condition id : UX DEVICE CLASS RTOS Condition cause : null
2023-12-19 09:47:07,551 [WARN] ConditionMgr:438 - getConditionDescription Invalid condition id : UX DEVICE CLASS RTOS Condition cause : null
2023-12-19 09:47:07,553 [WARN] PackLoader:240 - Cannot read IP mode file for STMicroelectronics.X-CUBE-AZRTOS-WB.2.0.0
2023-12-19 09:47:07,553 [WARN] ConditionMgr:1039 - genDependencies : Invalid condition id : UX DEVICE CLASS RTOS Condition cause : null
2023-12-19 09:47:07,553 [WARN] ConditionMgr:1039 - genDependencies : Invalid condition id : UX DEVICE CLASS RTOS Condition cause : null
2023-12-19 09:47:07,554 [WARN] ConditionMgr:1039 - genDependencies : Invalid condition id : UX DEVICE CLASS RTOS Condition cause : null
2023-12-19 09:47:07,554 [WARN] ConditionMgr:1039 - genDependencies : Invalid condition id : UX DEVICE CLASS RTOS Condition cause : null
2023-12-19 09:47:07,554 [WARN] ConditionMgr:1039 - genDependencies : Invalid condition id : UX DEVICE CLASS RTOS Condition cause : null
2023-12-19 09:47:07,567 [WARN] PackLoader:240 - Cannot read IP mode file for STMicroelectronics.X-CUBE-FREERTOS.1.0.1
2023-12-19 09:47:07,594 [WARN] PackLoader:240 - Cannot read IP mode file for STMicroelectronics.X-CUBE-AZRTOS-L5.1.1.0
2023-12-19 09:47:07,607 [WARN] PackLoader:240 - Cannot read IP mode file for STMicroelectronics.X-CUBE-AI.8.0.1
2023-12-19 09:47:07,628 [WARN] PackLoader:240 - Cannot read IP mode file for STMicroelectronics.X-CUBE-SUBG2.5.0.0
2023-12-19 09:47:07,653 [WARN] PackLoader:240 - Cannot read IP mode file for STMicroelectronics.X-CUBE-TOF1.3.3.1
2023-12-19 09:47:07,691 [WARN] PackLoader:240 - Cannot read IP mode file for STMicroelectronics.X-CUBE-AZRTOS-G4.2.0.0
2023-12-19 09:47:07,718 [WARN] PackLoader:240 - Cannot read IP mode file for STMicroelectronics.X-CUBE-TOF1.3.3.0
2023-12-19 09:47:07,762 [WARN] PackLoader:240 - Cannot read IP mode file for Infineon.AIROC-Wi-Fi-Bluetooth-STM32.1.5.1
2023-12-19 09:47:07,844 [WARN] PackLoader:240 - Cannot read IP mode file for STMicroelectronics.FP-SNS-MOTENVWB1.1.3.1
2023-12-19 09:47:07,856 [WARN] PackLoader:240 - Cannot read IP mode file for STMicroelectronics.X-CUBE-ISPU.2.0.0
2023-12-19 09:47:07,943 [WARN] PackLoader:240 - Cannot read IP mode file for STMicroelectronics.X-CUBE-MEMS1.10.0.0
2023-12-19 09:47:08,243 [WARN] PackLoader:240 - Cannot read IP mode file for STMicroelectronics.X-CUBE-FREERTOS.1.1.0
2023-12-19 09:47:08,263 [WARN] PackLoader:240 - Cannot read IP mode file for portGmbH.I-Cube-SoM-uGOAL.1.1.0
2023-12-19 09:47:08,284 [WARN] PackLoader:240 - Cannot read IP mode file for STMicroelectronics.X-CUBE-ALS.1.0.1
2023-12-19 09:47:08,353 [WARN] PackLoader:240 - Cannot read IP mode file for STMicroelectronics.X-CUBE-AZRTOS-WB.1.1.0
2023-12-19 09:47:08,371 [WARN] PackLoader:240 - Cannot read IP mode file for STMicroelectronics.FP-ATR-ASTRA1.2.0.0
2023-12-19 09:47:08,396 [WARN] PackLoader:240 - Cannot read IP mode file for STMicroelectronics.X-CUBE-TOF1.3.4.0
2023-12-19 09:47:08,440 [WARN] PackLoader:240 - Cannot read IP mode file for STMicroelectronics.X-CUBE-AZRTOS-H7.3.2.0
2023-12-19 09:47:08,444 [INFO] ThirdParty:978 - Integrity check success = true
2023-12-19 09:47:08,444 [INFO] IntegrityCheckThread:100 - exiting critical section [integrity check]
2023-12-19 09:47:08,444 [INFO] IntegrityCheckThread:103 - End integrity checks thread
2023-12-19 09:47:08,861 [INFO] WebApp:780 - Register for checkConnection events
2023-12-19 09:47:08,861 [INFO] WebApp:414 - Apply proxy settings
2023-12-19 09:47:08,861 [INFO] WebApp:499 - Chromium requires no authentication
2023-12-19 09:47:08,873 [INFO] WebApp:442 - Direct internet connection detected
2023-12-19 09:47:09,147 [INFO] WebApp:192 - Starting web application
2023-12-19 09:47:09,147 [INFO] WebApp:544 - Web application path used C:\Program Files (x86)\STMicroelectronics\STM32CubeIDE_1.14.0\STM32CubeIDE\plugins\com.st.stm32cube.common.mx_6.10.0.202311202037\db\plugins\mcufinder\reactClient1\index.html
2023-12-19 09:47:29,983 [ERROR] LogOutputStream:75 - [STDERR_REDIRECT] SLF4J: Failed to load class "org.slf4j.impl.StaticLoggerBinder".
2023-12-19 09:47:29,984 [ERROR] LogOutputStream:75 - [STDERR_REDIRECT] SLF4J: Defaulting to no-operation (NOP) logger implementation
2023-12-19 09:47:29,986 [ERROR] LogOutputStream:75 - [STDERR_REDIRECT] SLF4J: See http://www.slf4j.org/codes.html#StaticLoggerBinder for further details.
2023-12-19 09:55:13,126 [ERROR] LogOutputStream:75 - [STDERR_REDIRECT] 
